<?xml version="1.0" encoding="UTF-8"?>
<!-- Generated by org.testng.reporters.JUnitReportReporter -->
<testsuite hostname="mohan-PC" failures="0" tests="1" name="testcases.Active_Element" time="22.861" errors="0" timestamp="20 Nov 2019 13:57:51 GMT" skipped="0">
  <testcase classname="testcases.Active_Element" name="opengoogle" time="22.861"/>
</testsuite> <!-- testcases.Active_Element -->
